MPASM  5.47                         TASK1.ASM   11-22-2025  15:19:50         PAGE  1


LOC  OBJECT CODE     LINE SOURCE TEXT
  VALUE

                      00001 ; ==============================================================
                      00002 ;  STUDENT ID PARAMETERS — CALCULATION PROCESS
                      00003 ; ==============================================================
                      00004 ;  Student ID: 20508200  (Last two digits = 00)
                      00005 ;  A = 0 use 5  
                      00006 ;  B = 0 use 6  
                      00007 ;  C = A + B = 5 + 6 = 11
                      00008 ;  TH1 = A × 30
                      00009 ;      = 5 × 30
                      00010 ;      = 150
                      00011 ;  TH2 = TH1 + (B × 30)
                      00012 ;      = 150 + (6 × 30)
                      00013 ;      = 150 + 180
                      00014 ;      = 330
                      00015 ;  TH3 = TH2 + (C × 15)
                      00016 ;      = 330 + (11 × 15)
                      00017 ;      = 330 + 165
                      00018 ;      = 495
                      00019 ;  Voltage = (ADC / 1023) × 5V
                      00020 ;     TH1 Voltage = (150 / 1023) × 5 = 0.73 V
                      00021 ;     TH2 Voltage = (330 / 1023) × 5  = 1.61 V
                      00022 ;     TH3 Voltage = (495 / 1023) × 5  = 2.42 V
                      00023 
                      00024 
                      00025 
                      00026 ; ==============================================================
                      00027 ;  FINAL VALUES
                      00028 ; ==============================================================
                      00029 ;  A = 5
                      00030 ;  B = 6
                      00031 ;  C = 11
                      00032 ;  TH1 = 150
                      00033 ;  TH2 = 330
                      00034 ;  TH3 = 495
                      00035 ;  Voltage ranges:
                      00036 ;     STATE 1: 0   - 150   (0.00V - 0.73V)
                      00037 ;     STATE 2: 150 - 330   (0.73V - 1.61V)
                      00038 ;     STATE 3: 330 - 495   (1.61V - 2.42V)
                      00039 ;     STATE 4: 495 - 1023  (2.42V - 5.00V)
                      00040 ;  8-bit ADRESH thresholds (TH/4):
                      00041 ;     TH1_8bit = 150/4 = 37
                      00042 ;     TH2_8bit = 330/4 = 82
                      00043 ;     TH3_8bit = 495/4 = 123
                      00044 
                      00045 
                      00046 ; ==============================================================
                      00047 ;  COMPONENT CONNECTIONS:
                      00048 ; ==============================================================
                      00049 ;  Potentiometer: Connected to RA0 (AN0)
                      00050 ;  LEDs: RB4, RB5, RB6, RB7 (PORTB upper 4 bits)
                      00051 ;  START Button: RB0 (Active LOW with pull-up)
                      00052 ;  STOP Button: RB1 (Active LOW with pull-up)
                      00053 ;  7-Segment Display: PORTD (RD0-RD6)
MPASM  5.47                         TASK1.ASM   11-22-2025  15:19:50         PAGE  2


LOC  OBJECT CODE     LINE SOURCE TEXT
  VALUE

                      00054 
                      00055 
                      00056 ; Common Cathode 7-segment display
                      00057 ;      0
                      00058 ;    5   1
                      00059 ;      6
                      00060 ;    4   2
                      00061 ;      3        7
                      00062 
                      00063 
                      00064 ; ==============================================================
                      00065         LIST        P=16F887
                      00066         #include    <P16F887.inc>
                      00001         LIST
                      00002 
                      00003 ;==========================================================================
                      00004 ;  MPASM PIC16F887 processor include
                      00005 ; 
                      00006 ;  (c) Copyright 1999-2012 Microchip Technology, All rights reserved
                      00007 ;==========================================================================
                      00008 
                      00809         LIST
2007   33C4           00067         __CONFIG    _CONFIG1, _FOSC_INTRC_NOCLKOUT & _WDTE_OFF & _PWRTE_ON & _MCLRE_OFF & _CP_OFF & _CPD
                            _OFF & _BOREN_ON & _IESO_OFF & _FCMEN_OFF
2008   2FFF           00068         __CONFIG    _CONFIG2, _WRT_OFF & _BOR40V & _LVP_OFF
                      00069 
                      00070 
                      00071         CBLOCK      0x20
  00000020            00072             ADC_VALUE      
  00000021            00073             DELAY_COUNT1
  00000022            00074             DELAY_COUNT2
  00000023            00075             DELAY_COUNT3
                      00076         ENDC
                      00077 
0000                  00078         ORG         0x0000
0000   2801           00079         GOTO        INIT
                      00080 
                      00081 ; ==============================================================
                      00082 ; INITIALIZATION
                      00083 ; ==============================================================
0001                  00084 INIT:
                      00085         ; TRIS = 0, OUTPUT (Display, etc) 
                      00086                 ; TRIS = 1, INPUT (Read, etc)
                      00087                 
                      00088                 ; Conf portD: Set as display (7-segment)
0001   1683 1303      00089         BANKSEL     TRISD
Message[302]: Register in operand not in bank 0.  Ensure that bank bits are correct.
0003   0188           00090         CLRF        TRISD
                      00091          
                      00092                 ; Conf portB: RB0-RB1 input (Buttons), RB4-RB7 output (LEDs)
0004   1683 1303      00093         BANKSEL     TRISB
0006   300F           00094         MOVLW       b'00001111'     ; RB0-RB3 input, RB4-RB7 output
Message[302]: Register in operand not in bank 0.  Ensure that bank bits are correct.
MPASM  5.47                         TASK1.ASM   11-22-2025  15:19:50         PAGE  3


LOC  OBJECT CODE     LINE SOURCE TEXT
  VALUE

0007   0086           00095         MOVWF       TRISB
                      00096           
                      00097         ; Conf RA0: Read RA0 as input
0008   1683 1303      00098         BANKSEL     TRISA
Message[302]: Register in operand not in bank 0.  Ensure that bank bits are correct.
000A   1405           00099         BSF         TRISA,0         
                      00100         
                      00101                 ; ANSEL = 1 (Analog); ANSEL = 0 (Digital)
                      00102                 ; ANSEL (RA7 - RA0)
                      00103                 
                      00104         ; Conf RA0: Set as analog               
000B   1683 1703      00105         BANKSEL     ANSEL
000D   300D           00106         MOVLW       b'00001101'     ; Set RA0 (Somehow setting this makes it use 1 LED display only)
Message[302]: Register in operand not in bank 0.  Ensure that bank bits are correct.
000E   0088           00107         MOVWF       ANSEL
                      00108         
000F   1683 1703      00109         BANKSEL     ANSELH
Message[302]: Register in operand not in bank 0.  Ensure that bank bits are correct.
0011   0189           00110         CLRF        ANSELH
                      00111         
                      00112         ; Conf ADCON1 
                      00113                 ; ADFM 0 = Left justified, 8-bit result in ADRESH (bit 7)
                      00114         ; Unused 0 bit
                      00115                 ; VCFG1 & VCFG0 = 00, Use power supply voltage 
                      00116                 ; Unused 0000
0012   1683 1303      00117         BANKSEL     ADCON1
0014   3000           00118         MOVLW       b'00000000'     ; 0-0-00-0000
Message[302]: Register in operand not in bank 0.  Ensure that bank bits are correct.
0015   009F           00119         MOVWF       ADCON1
                      00120 
                      00121                 ; Conf ADCON0
                      00122                 ; ADCS1 ADCS0 = 10 = Fosc/32 (bits 7-6)
                      00123         ; CHS3-CHS0 = 0000 = AN0 selected (bits 5-2)
                      00124         ; GO/DONE   = 0 = Not started (bit 1)
                      00125         ; ADON      = 1 = ADC enabled (bit 0)
0016   1283 1303      00126         BANKSEL     ADCON0
0018   3081           00127         MOVLW       b'10000001'     ; 10-0000-0-1   
0019   009F           00128         MOVWF       ADCON0
                      00129         
001A   20C0           00130         CALL        DELAY_50MS
                      00131         
                      00132         ; Clear PORTD
001B   1283 1303      00133         BANKSEL     PORTD
001D   0188           00134         CLRF        PORTD
                      00135         
                      00136         ; Clear PORTB upper bits (LEDs)
001E   1283 1303      00137         BANKSEL     PORTB
0020   3007           00138         MOVLW       b'00000111'
0021   0586           00139         ANDWF       PORTB,F
                      00140         
0022   2823           00141         GOTO        STATE0
                      00142 
                      00143 ; ==============================================================
MPASM  5.47                         TASK1.ASM   11-22-2025  15:19:50         PAGE  4


LOC  OBJECT CODE     LINE SOURCE TEXT
  VALUE

                      00144 ; STATE 0 - IDLE (All LEDs OFF, waiting for START button)
                      00145 ; ==============================================================
0023                  00146 STATE0:
                      00147         ; Clear PORTB LEDs (RB4-RB7 OFF)
0023   1283 1303      00148         BANKSEL     PORTB
0025   300F           00149         MOVLW       b'00001111'
0026   0586           00150         ANDWF       PORTB,F
                      00151         
                      00152         ; Display '0' on 7-segment
0027   1283 1303      00153         BANKSEL     PORTD
0029   20B1           00154         CALL        DISPLAY_0
                      00155         
002A                  00156 WAIT_START:
002A   1283 1303      00157         BANKSEL     PORTB
002C   1C06           00158         BTFSS       PORTB,0         ; Check if RB0 is HIGH (not pressed)
002D   282F           00159         GOTO        BUTTON_PRESSED  ; Button pressed (LOW), debounce and start
002E   282A           00160         GOTO        WAIT_START      ; Not pressed, keep waiting
                      00161 
002F                  00162 BUTTON_PRESSED:
                      00163         ; Button pressed - debounce delay
002F   20C0           00164         CALL        DELAY_50MS
                      00165         
                      00166         ; Check if still pressed
0030   1283 1303      00167         BANKSEL     PORTB
0032   1C06           00168         BTFSS       PORTB,0
0033   2835           00169         GOTO        STATE1          ; Still pressed, proceed to STATE1
0034   282A           00170         GOTO        WAIT_START      ; Was noise, go back to waiting
                      00171 
                      00172 ; ==============================================================
                      00173 ; STATE 1 - LOW RANGE (0 to 150) - Only RB4 ON
                      00174 ; ==============================================================
0035                  00175 STATE1:
                      00176         ; Start ADC conversion
0035   1283 1303      00177         BANKSEL     ADCON0
0037   149F           00178         BSF         ADCON0,GO
                      00179         
0038                  00180 WAIT_ADC1:
0038   189F           00181         BTFSC       ADCON0,GO       ; Wait for conversion to complete
0039   2838           00182         GOTO        WAIT_ADC1
                      00183         
                      00184         ; Add acquisition delay
003A   20C0           00185         CALL        DELAY_50MS
                      00186         
                      00187         ; Read 8-bit result from ADRESH
003B   1283 1303      00188         BANKSEL     ADRESH
003D   081E           00189         MOVF        ADRESH,W
003E   00A0           00190         MOVWF       ADC_VALUE
                      00191         
                      00192         ; Set LED pattern: RB4 = ON, others OFF
003F   1283 1303      00193         BANKSEL     PORTB
0041   300F           00194         MOVLW       b'00001111'     ; Clear LED bits
0042   0586           00195         ANDWF       PORTB,F
0043   3010           00196         MOVLW       b'00010000'     ; Set RB4
MPASM  5.47                         TASK1.ASM   11-22-2025  15:19:50         PAGE  5


LOC  OBJECT CODE     LINE SOURCE TEXT
  VALUE

0044   0486           00197         IORWF       PORTB,F
                      00198         
                      00199         ; Display '1' on 7-segment
0045   1283 1303      00200         BANKSEL     PORTD
0047   20B4           00201         CALL        DISPLAY_1
                      00202         
                      00203         ; Check if ADC >= 37 (TH1)
0048   0820           00204         MOVF        ADC_VALUE,W
0049   3C25           00205         SUBLW       .37             ; W = 37 - ADC_VALUE
004A   1C03           00206         BTFSS       STATUS,C        ; C=0 if ADC_VALUE > 37
004B   2852           00207         GOTO        STATE2          ; Move to STATE2
                      00208         
004C                  00209 STAY_STATE1:
                      00210         ; Check STOP button (RB1)
004C   1283 1303      00211         BANKSEL     PORTB
004E   1C86           00212         BTFSS       PORTB,1         ; Check if RB1 is HIGH (not pressed)
004F   2823           00213         GOTO        STATE0          ; Button pressed (LOW), return to IDLE
                      00214         
                      00215         ; Delay B × 100ms = 600ms
0050   20D2           00216         CALL        DELAY_600MS
0051   2835           00217         GOTO        STATE1
                      00218 
                      00219 ; ==============================================================
                      00220 ; STATE 2 - MEDIUM RANGE (150 to 330) - RB5 ON
                      00221 ; ==============================================================
0052                  00222 STATE2:
                      00223         ; Start ADC conversion
0052   1283 1303      00224         BANKSEL     ADCON0
0054   149F           00225         BSF         ADCON0,GO
                      00226         
0055                  00227 WAIT_ADC2:
0055   189F           00228         BTFSC       ADCON0,GO
0056   2855           00229         GOTO        WAIT_ADC2
                      00230         
                      00231         ; Add acquisition delay
0057   20C0           00232         CALL        DELAY_50MS
                      00233         
                      00234         ; Read result
0058   1283 1303      00235         BANKSEL     ADRESH
005A   081E           00236         MOVF        ADRESH,W
005B   00A0           00237         MOVWF       ADC_VALUE
                      00238         
                      00239         ; Set LED pattern: RB5 = ON
005C   1283 1303      00240         BANKSEL     PORTB
005E   300F           00241         MOVLW       b'00001111'     ; Clear LED bits
005F   0586           00242         ANDWF       PORTB,F
0060   3020           00243         MOVLW       b'00100000'     ; Set RB5
0061   0486           00244         IORWF       PORTB,F
                      00245         
                      00246         ; Display '2' on 7-segment
0062   1283 1303      00247         BANKSEL     PORTD
0064   20B7           00248         CALL        DISPLAY_2
                      00249         
MPASM  5.47                         TASK1.ASM   11-22-2025  15:19:50         PAGE  6


LOC  OBJECT CODE     LINE SOURCE TEXT
  VALUE

                      00250         ; Check if ADC < 37 (below TH1)
0065   0820           00251         MOVF        ADC_VALUE,W
0066   3C25           00252         SUBLW       .37
0067   1803           00253         BTFSC       STATUS,C
0068   2835           00254         GOTO        STATE1          ; Drop to STATE1
                      00255         
                      00256         ; Check if ADC >= 82 (TH2)
0069   0820           00257         MOVF        ADC_VALUE,W
006A   3C52           00258         SUBLW       .82
006B   1C03           00259         BTFSS       STATUS,C
006C   2873           00260         GOTO        STATE3          ; Move to STATE3
                      00261         
006D                  00262 STAY_STATE2:
                      00263         ; Check STOP button (RB1)
006D   1283 1303      00264         BANKSEL     PORTB
006F   1C86           00265         BTFSS       PORTB,1
0070   2823           00266         GOTO        STATE0
                      00267         
0071   20D2           00268         CALL        DELAY_600MS
0072   2852           00269         GOTO        STATE2
                      00270 
                      00271 ; ==============================================================
                      00272 ; STATE 3 - HIGH RANGE (330 to 495) - RB6 ON
                      00273 ; ==============================================================
0073                  00274 STATE3:
                      00275         ; Start ADC conversion
0073   1283 1303      00276         BANKSEL     ADCON0
0075   149F           00277         BSF         ADCON0,GO
                      00278         
0076                  00279 WAIT_ADC3:
0076   189F           00280         BTFSC       ADCON0,GO
0077   2876           00281         GOTO        WAIT_ADC3
                      00282         
                      00283         ; Add acquisition delay
0078   20C0           00284         CALL        DELAY_50MS
                      00285         
                      00286         ; Read result
0079   1283 1303      00287         BANKSEL     ADRESH
007B   081E           00288         MOVF        ADRESH,W
007C   00A0           00289         MOVWF       ADC_VALUE
                      00290         
                      00291         ; Set LED pattern: RB6 = ON
007D   1283 1303      00292         BANKSEL     PORTB
007F   300F           00293         MOVLW       b'00001111'     ; Clear LED bits
0080   0586           00294         ANDWF       PORTB,F
0081   3040           00295         MOVLW       b'01000000'     ; Set RB6
0082   0486           00296         IORWF       PORTB,F
                      00297         
                      00298         ; Display '3' on 7-segment
0083   1283 1303      00299         BANKSEL     PORTD
0085   20BA           00300         CALL        DISPLAY_3
                      00301         
                      00302         ; Check if ADC < 82 (below TH2)
MPASM  5.47                         TASK1.ASM   11-22-2025  15:19:50         PAGE  7


LOC  OBJECT CODE     LINE SOURCE TEXT
  VALUE

0086   0820           00303         MOVF        ADC_VALUE,W
0087   3C52           00304         SUBLW       .82
0088   1803           00305         BTFSC       STATUS,C
0089   2852           00306         GOTO        STATE2          ; Drop to STATE2
                      00307         
                      00308         ; Check if ADC >= 123 (TH3)
008A   0820           00309         MOVF        ADC_VALUE,W
008B   3C7B           00310         SUBLW       .123
008C   1C03           00311         BTFSS       STATUS,C
008D   2894           00312         GOTO        STATE4          ; Move to STATE4
                      00313         
008E                  00314 STAY_STATE3:
                      00315         ; Check STOP button (RB1)
008E   1283 1303      00316         BANKSEL     PORTB
0090   1C86           00317         BTFSS       PORTB,1
0091   2823           00318         GOTO        STATE0
                      00319         
0092   20D2           00320         CALL        DELAY_600MS
0093   2873           00321         GOTO        STATE3
                      00322 
                      00323 ; ==============================================================
                      00324 ; STATE 4 - MAXIMUM RANGE (495 to 1023) - RB7 ON
                      00325 ; ==============================================================
0094                  00326 STATE4:
                      00327         ; Start ADC conversion
0094   1283 1303      00328         BANKSEL     ADCON0
0096   149F           00329         BSF         ADCON0,GO
                      00330         
0097                  00331 WAIT_ADC4:
0097   189F           00332         BTFSC       ADCON0,GO
0098   2897           00333         GOTO        WAIT_ADC4
                      00334         
                      00335         ; Add acquisition delay
0099   20C0           00336         CALL        DELAY_50MS
                      00337         
                      00338         ; Read result
009A   1283 1303      00339         BANKSEL     ADRESH
009C   081E           00340         MOVF        ADRESH,W
009D   00A0           00341         MOVWF       ADC_VALUE
                      00342         
                      00343         ; Set LED pattern: RB7 ON
009E   1283 1303      00344         BANKSEL     PORTB
00A0   300F           00345         MOVLW       b'00001111'     ; Clear LED bits
00A1   0586           00346         ANDWF       PORTB,F
00A2   3080           00347         MOVLW       b'10000000'     ; Set RB7
00A3   0486           00348         IORWF       PORTB,F
                      00349         
                      00350         ; Display '4' on 7-segment
00A4   1283 1303      00351         BANKSEL     PORTD
00A6   20BD           00352         CALL        DISPLAY_4
                      00353         
                      00354         ; Check if ADC < 123 (below TH3)
00A7   0820           00355         MOVF        ADC_VALUE,W
MPASM  5.47                         TASK1.ASM   11-22-2025  15:19:50         PAGE  8


LOC  OBJECT CODE     LINE SOURCE TEXT
  VALUE

00A8   3C7B           00356         SUBLW       .123
00A9   1803           00357         BTFSC       STATUS,C
00AA   2873           00358         GOTO        STATE3          ; Drop to STATE3
                      00359         
                      00360         ; Stay in STATE4
                      00361         ; Check STOP button (RB1)
00AB   1283 1303      00362         BANKSEL     PORTB
00AD   1C86           00363         BTFSS       PORTB,1
00AE   2823           00364         GOTO        STATE0
                      00365         
00AF   20D2           00366         CALL        DELAY_600MS
00B0   2894           00367         GOTO        STATE4
                      00368 
                      00369 ; ==============================================================
                      00370 ; 7-SEGMENT DISPLAY SUBROUTINES
                      00371 ; ==============================================================
                      00372 
                      00373 
00B1                  00374 DISPLAY_0:
00B1   303F           00375         MOVLW       b'00111111'     ; Display '0'
00B2   0088           00376         MOVWF       PORTD
00B3   0008           00377         RETURN
                      00378 
00B4                  00379 DISPLAY_1:
00B4   3006           00380         MOVLW       b'00000110'     ; Display '1'
00B5   0088           00381         MOVWF       PORTD
00B6   0008           00382         RETURN
                      00383 
00B7                  00384 DISPLAY_2:
00B7   305B           00385         MOVLW       b'01011011'     ; Display '2'
00B8   0088           00386         MOVWF       PORTD
00B9   0008           00387         RETURN
                      00388 
00BA                  00389 DISPLAY_3:
00BA   304F           00390         MOVLW       b'01001111'     ; Display '3'
00BB   0088           00391         MOVWF       PORTD
00BC   0008           00392         RETURN
                      00393 
00BD                  00394 DISPLAY_4:
00BD   3066           00395         MOVLW       b'01100110'     ; Display '4'
00BE   0088           00396         MOVWF       PORTD
00BF   0008           00397         RETURN
                      00398 ; ==============================================================================
                      00399 ; DELAY SUBROUTINES
                      00400 ; ==============================================================================
                      00401 ; CALCULATION THEORY FOR DEMO:
                      00402 ; ------------------------------------------------------------------------------
                      00403 ; 1. Oscillator Frequency (Fosc) = 4 MHz (Internal Oscillator)
                      00404 ; 2. [cite_start]Instruction Cycle (Tcy)     = 4 / Fosc = 1 us [cite: 560]
                      00405 ;
                      00406 ; INNER LOOP CALCULATION:
                      00407 ; - Value loaded: .250
                      00408 ; - Cost per loop: 1 cycle (DECFSZ) + 2 cycles (GOTO) = 3 cycles
MPASM  5.47                         TASK1.ASM   11-22-2025  15:19:50         PAGE  9


LOC  OBJECT CODE     LINE SOURCE TEXT
  VALUE

                      00409 ; - Total Inner Time: 250 * 3 = 750 cycles (approx)
                      00410 ;
                      00411 ; OUTER LOOP CALCULATION:
                      00412 ; - Setup Overhead: 2 cycles (MOVLW + MOVWF for Inner Loop)
                      00413 ; - Loop Overhead:  3 cycles (DECFSZ + GOTO for Outer Loop)
                      00414 ; - Total per Outer Iteration: 750 (Inner) + 5 (Overhead) = 755 cycles
                      00415 ;
                      00416 ; FORMULA:
                      00417 ; Total Delay = Outer_Count * 755 * 1us
                      00418 ; ==============================================================================
                      00419 
                      00420 ; ------------------------------------------------------------------------------
                      00421 ; DELAY 50MS
                      00422 ; Math: 66 * 755 cycles * 1us = 49,830us (~49.8ms)
                      00423 ; ------------------------------------------------------------------------------
00C0                  00424 DELAY_50MS:
00C0   3042           00425     MOVLW   .66             ; Load Outer Loop Count (Target: 50ms)
00C1   00A1           00426     MOVWF   DELAY_COUNT1    ; Save to variable
                      00427     
00C2                  00428 DELAY_50_OUTER:
00C2   30FA           00429     MOVLW   .250            ; Load Inner Loop Count (250 iterations)
00C3   00A2           00430     MOVWF   DELAY_COUNT2    ; Save to variable
                      00431     
00C4                  00432 DELAY_50_INNER:             ; --- Start of 750 cycle block ---
00C4   0BA2           00433     DECFSZ  DELAY_COUNT2,F  ; 1 cycle (2 if skip)
00C5   28C4           00434     GOTO    DELAY_50_INNER  ; 2 cycles -> Total 3 cycles per decr.
                      00435                             ; 250 * 3 = 750 cycles total here
                      00436                             ; --------------------------------
                      00437     
00C6   0BA1           00438     DECFSZ  DELAY_COUNT1,F  ; Decrement Outer Loop Counter
00C7   28C2           00439     GOTO    DELAY_50_OUTER  ; If not zero, restart Inner Loop
00C8   0008           00440     RETURN                  ; Return when Outer Loop is zero
                      00441 
                      00442 ; ------------------------------------------------------------------------------
                      00443 ; DELAY 100MS
                      00444 ; Math: 133 * 755 cycles * 1us = 100,415us (~100.4ms)
                      00445 ; ------------------------------------------------------------------------------
00C9                  00446 DELAY_100MS:
00C9   3085           00447     MOVLW   .133            ; Load Outer Loop Count (Target: 100ms)
00CA   00A1           00448     MOVWF   DELAY_COUNT1    ; Save to variable
                      00449     
00CB                  00450 DELAY_100_OUTER:
00CB   30FA           00451     MOVLW   .250            ; Load Inner Loop Count
00CC   00A2           00452     MOVWF   DELAY_COUNT2    ; Save to variable
                      00453     
00CD                  00454 DELAY_100_INNER:
00CD   0BA2           00455     DECFSZ  DELAY_COUNT2,F  ; Decrement inner counter
00CE   28CD           00456     GOTO    DELAY_100_INNER ; Loop back (3 cycles per count)
                      00457     
00CF   0BA1           00458     DECFSZ  DELAY_COUNT1,F  ; Decrement outer counter
00D0   28CB           00459     GOTO    DELAY_100_OUTER ; Reload inner loop if not done
00D1   0008           00460     RETURN                  ; Return to main program
                      00461 
MPASM  5.47                         TASK1.ASM   11-22-2025  15:19:50         PAGE 10


LOC  OBJECT CODE     LINE SOURCE TEXT
  VALUE

                      00462 ; ------------------------------------------------------------------------------
                      00463 ; DELAY 600MS
                      00464 ; Math: 6 * 100ms = 600ms (Derived from Parameter B)
                      00465 ; ------------------------------------------------------------------------------
00D2                  00466 DELAY_600MS:
00D2   3006           00467     MOVLW   .6              ; Parameter B value
00D3   00A3           00468     MOVWF   DELAY_COUNT3    ; Use DELAY_COUNT3 as the multiplier
                      00469     
00D4                  00470 DELAY_600_LOOP:
00D4   20C9           00471     CALL    DELAY_100MS     ; Call the 100ms routine (~100,415 cycles)
00D5   0BA3           00472     DECFSZ  DELAY_COUNT3,F  ; Decrement the B counter
00D6   28D4           00473     GOTO    DELAY_600_LOOP  ; If not zero, delay another 100ms
00D7   0008           00474     RETURN                  ; Total time elapsed ~600ms
                      00475 
                      00476 
Warning[205]: Found directive in column 1. (END)
                      00477 END;
MPASM  5.47                         TASK1.ASM   11-22-2025  15:19:50         PAGE 11


SYMBOL TABLE
  LABEL                             VALUE 

ABDEN                             00000000
ABDOVF                            00000007
ACKDT                             00000005
ACKEN                             00000004
ACKSTAT                           00000006
ADCON0                            0000001F
ADCON1                            0000009F
ADCS0                             00000006
ADCS1                             00000007
ADC_VALUE                         00000020
ADDEN                             00000003
ADFM                              00000007
ADIE                              00000006
ADIF                              00000006
ADON                              00000000
ADRESH                            0000001E
ADRESL                            0000009E
ANS0                              00000000
ANS1                              00000001
ANS10                             00000002
ANS11                             00000003
ANS12                             00000004
ANS13                             00000005
ANS2                              00000002
ANS3                              00000003
ANS4                              00000004
ANS5                              00000005
ANS6                              00000006
ANS7                              00000007
ANS8                              00000000
ANS9                              00000001
ANSEL                             00000188
ANSELH                            00000189
BAUDCTL                           00000187
BCLIE                             00000003
BCLIF                             00000003
BF                                00000000
BRG0                              00000000
BRG1                              00000001
BRG10                             00000002
BRG11                             00000003
BRG12                             00000004
BRG13                             00000005
BRG14                             00000006
BRG15                             00000007
BRG16                             00000003
BRG2                              00000002
BRG3                              00000003
BRG4                              00000004
BRG5                              00000005
BRG6                              00000006
BRG7                              00000007
BRG8                              00000000
MPASM  5.47                         TASK1.ASM   11-22-2025  15:19:50         PAGE 12


SYMBOL TABLE
  LABEL                             VALUE 

BRG9                              00000001
BRGH                              00000002
BUTTON_PRESSED                    0000002F
C                                 00000000
C1CH0                             00000000
C1CH1                             00000001
C1IE                              00000005
C1IF                              00000005
C1OE                              00000005
C1ON                              00000007
C1OUT                             00000006
C1POL                             00000004
C1R                               00000002
C1RSEL                            00000005
C1SEN                             00000005
C2CH0                             00000000
C2CH1                             00000001
C2IE                              00000006
C2IF                              00000006
C2OE                              00000005
C2ON                              00000007
C2OUT                             00000006
C2POL                             00000004
C2R                               00000002
C2REN                             00000004
C2RSEL                            00000004
C2SYNC                            00000000
CCP1CON                           00000017
CCP1IE                            00000002
CCP1IF                            00000002
CCP1M0                            00000000
CCP1M1                            00000001
CCP1M2                            00000002
CCP1M3                            00000003
CCP1X                             00000005
CCP1Y                             00000004
CCP2CON                           0000001D
CCP2IE                            00000000
CCP2IF                            00000000
CCP2M0                            00000000
CCP2M1                            00000001
CCP2M2                            00000002
CCP2M3                            00000003
CCP2X                             00000005
CCP2Y                             00000004
CCPR1                             00000015
CCPR1H                            00000016
CCPR1L                            00000015
CCPR2                             0000001B
CCPR2H                            0000001C
CCPR2L                            0000001B
CHS0                              00000002
CHS1                              00000003
MPASM  5.47                         TASK1.ASM   11-22-2025  15:19:50         PAGE 13


SYMBOL TABLE
  LABEL                             VALUE 

CHS2                              00000004
CHS3                              00000005
CKE                               00000006
CKP                               00000004
CM1CON0                           00000107
CM2CON0                           00000108
CM2CON1                           00000109
CREN                              00000004
CSRC                              00000007
D                                 00000005
DATA_ADDRESS                      00000005
DC                                00000001
DC1B0                             00000004
DC1B1                             00000005
DC2B0                             00000004
DC2B1                             00000005
DELAY_100MS                       000000C9
DELAY_100_INNER                   000000CD
DELAY_100_OUTER                   000000CB
DELAY_50MS                        000000C0
DELAY_50_INNER                    000000C4
DELAY_50_OUTER                    000000C2
DELAY_600MS                       000000D2
DELAY_600_LOOP                    000000D4
DELAY_COUNT1                      00000021
DELAY_COUNT2                      00000022
DELAY_COUNT3                      00000023
DISPLAY_0                         000000B1
DISPLAY_1                         000000B4
DISPLAY_2                         000000B7
DISPLAY_3                         000000BA
DISPLAY_4                         000000BD
D_A                               00000005
D_NOT_A                           00000005
ECCPAS                            0000009C
ECCPAS0                           00000004
ECCPAS1                           00000005
ECCPAS2                           00000006
ECCPASE                           00000007
EEADR                             0000010D
EEADRH                            0000010F
EECON1                            0000018C
EECON2                            0000018D
EEDAT                             0000010C
EEDATA                            0000010C
EEDATH                            0000010E
EEIE                              00000004
EEIF                              00000004
EEPGD                             00000007
F                                 00000001
FERR                              00000002
FSR                               00000004
FVREN                             00000000
MPASM  5.47                         TASK1.ASM   11-22-2025  15:19:50         PAGE 14


SYMBOL TABLE
  LABEL                             VALUE 

GCEN                              00000007
GIE                               00000007
GO                                00000001
GO_DONE                           00000001
GO_NOT_DONE                       00000001
HTS                               00000002
I2C_DATA                          00000005
I2C_READ                          00000002
I2C_START                         00000003
I2C_STOP                          00000004
INDF                              00000000
INIT                              00000001
INTCON                            0000000B
INTE                              00000004
INTEDG                            00000006
INTF                              00000001
IOCB                              00000096
IOCB0                             00000000
IOCB1                             00000001
IOCB2                             00000002
IOCB3                             00000003
IOCB4                             00000004
IOCB5                             00000005
IOCB6                             00000006
IOCB7                             00000007
IRCF0                             00000004
IRCF1                             00000005
IRCF2                             00000006
IRP                               00000007
LTS                               00000001
MC1OUT                            00000007
MC2OUT                            00000006
MSK                               00000093
MSK0                              00000000
MSK1                              00000001
MSK2                              00000002
MSK3                              00000003
MSK4                              00000004
MSK5                              00000005
MSK6                              00000006
MSK7                              00000007
NOT_A                             00000005
NOT_ADDRESS                       00000005
NOT_BO                            00000000
NOT_BOR                           00000000
NOT_DONE                          00000001
NOT_PD                            00000003
NOT_POR                           00000001
NOT_RBPU                          00000007
NOT_RC8                           00000006
NOT_T1SYNC                        00000002
NOT_TO                            00000004
NOT_TX8                           00000006
MPASM  5.47                         TASK1.ASM   11-22-2025  15:19:50         PAGE 15


SYMBOL TABLE
  LABEL                             VALUE 

NOT_W                             00000002
NOT_WRITE                         00000002
OERR                              00000001
OPTION_REG                        00000081
OSCCON                            0000008F
OSCTUNE                           00000090
OSFIE                             00000007
OSFIF                             00000007
OSTS                              00000003
P                                 00000004
P1M0                              00000006
P1M1                              00000007
PCL                               00000002
PCLATH                            0000000A
PCON                              0000008E
PDC0                              00000000
PDC1                              00000001
PDC2                              00000002
PDC3                              00000003
PDC4                              00000004
PDC5                              00000005
PDC6                              00000006
PEIE                              00000006
PEN                               00000002
PIE1                              0000008C
PIE2                              0000008D
PIR1                              0000000C
PIR2                              0000000D
PORTA                             00000005
PORTB                             00000006
PORTC                             00000007
PORTD                             00000008
PORTE                             00000009
PR2                               00000092
PRSEN                             00000007
PS0                               00000000
PS1                               00000001
PS2                               00000002
PSA                               00000003
PSSAC0                            00000002
PSSAC1                            00000003
PSSBD0                            00000000
PSSBD1                            00000001
PSTRCON                           0000009D
PULSR                             00000002
PULSS                             00000003
PWM1CON                           0000009B
R                                 00000002
RA0                               00000000
RA1                               00000001
RA2                               00000002
RA3                               00000003
RA4                               00000004
MPASM  5.47                         TASK1.ASM   11-22-2025  15:19:50         PAGE 16


SYMBOL TABLE
  LABEL                             VALUE 

RA5                               00000005
RA6                               00000006
RA7                               00000007
RB0                               00000000
RB1                               00000001
RB2                               00000002
RB3                               00000003
RB4                               00000004
RB5                               00000005
RB6                               00000006
RB7                               00000007
RBIE                              00000003
RBIF                              00000000
RC0                               00000000
RC1                               00000001
RC2                               00000002
RC3                               00000003
RC4                               00000004
RC5                               00000005
RC6                               00000006
RC7                               00000007
RC8_9                             00000006
RC9                               00000006
RCD8                              00000000
RCEN                              00000003
RCIDL                             00000006
RCIE                              00000005
RCIF                              00000005
RCREG                             0000001A
RCSTA                             00000018
RD                                00000000
RD0                               00000000
RD1                               00000001
RD2                               00000002
RD3                               00000003
RD4                               00000004
RD5                               00000005
RD6                               00000006
RD7                               00000007
RE0                               00000000
RE1                               00000001
RE2                               00000002
RE3                               00000003
READ_WRITE                        00000002
RP0                               00000005
RP1                               00000006
RSEN                              00000001
RX9                               00000006
RX9D                              00000000
R_NOT_W                           00000002
R_W                               00000002
S                                 00000003
SBOREN                            00000004
MPASM  5.47                         TASK1.ASM   11-22-2025  15:19:50         PAGE 17


SYMBOL TABLE
  LABEL                             VALUE 

SCKP                              00000004
SCS                               00000000
SEN                               00000000
SENDB                             00000003
SMP                               00000007
SPBRG                             00000099
SPBRGH                            0000009A
SPEN                              00000007
SR0                               00000006
SR1                               00000007
SRCON                             00000185
SREN                              00000005
SSPADD                            00000093
SSPBUF                            00000013
SSPCON                            00000014
SSPCON2                           00000091
SSPEN                             00000005
SSPIE                             00000003
SSPIF                             00000003
SSPM0                             00000000
SSPM1                             00000001
SSPM2                             00000002
SSPM3                             00000003
SSPMSK                            00000093
SSPOV                             00000006
SSPSTAT                           00000094
STATE0                            00000023
STATE1                            00000035
STATE2                            00000052
STATE3                            00000073
STATE4                            00000094
STATUS                            00000003
STAY_STATE1                       0000004C
STAY_STATE2                       0000006D
STAY_STATE3                       0000008E
STRA                              00000000
STRB                              00000001
STRC                              00000002
STRD                              00000003
STRSYNC                           00000004
SWDTEN                            00000000
SYNC                              00000004
T0CS                              00000005
T0IE                              00000005
T0IF                              00000002
T0SE                              00000004
T1CKPS0                           00000004
T1CKPS1                           00000005
T1CON                             00000010
T1GINV                            00000007
T1GIV                             00000007
T1GSS                             00000001
T1INSYNC                          00000002
MPASM  5.47                         TASK1.ASM   11-22-2025  15:19:50         PAGE 18


SYMBOL TABLE
  LABEL                             VALUE 

T1OSCEN                           00000003
T1SYNC                            00000002
T2CKPS0                           00000000
T2CKPS1                           00000001
T2CON                             00000012
TMR0                              00000001
TMR0IE                            00000005
TMR0IF                            00000002
TMR1                              0000000E
TMR1CS                            00000001
TMR1GE                            00000006
TMR1H                             0000000F
TMR1IE                            00000000
TMR1IF                            00000000
TMR1L                             0000000E
TMR1ON                            00000000
TMR2                              00000011
TMR2IE                            00000001
TMR2IF                            00000001
TMR2ON                            00000002
TOUTPS0                           00000003
TOUTPS1                           00000004
TOUTPS2                           00000005
TOUTPS3                           00000006
TRISA                             00000085
TRISA0                            00000000
TRISA1                            00000001
TRISA2                            00000002
TRISA3                            00000003
TRISA4                            00000004
TRISA5                            00000005
TRISA6                            00000006
TRISA7                            00000007
TRISB                             00000086
TRISB0                            00000000
TRISB1                            00000001
TRISB2                            00000002
TRISB3                            00000003
TRISB4                            00000004
TRISB5                            00000005
TRISB6                            00000006
TRISB7                            00000007
TRISC                             00000087
TRISC0                            00000000
TRISC1                            00000001
TRISC2                            00000002
TRISC3                            00000003
TRISC4                            00000004
TRISC5                            00000005
TRISC6                            00000006
TRISC7                            00000007
TRISD                             00000088
TRISD0                            00000000
MPASM  5.47                         TASK1.ASM   11-22-2025  15:19:50         PAGE 19


SYMBOL TABLE
  LABEL                             VALUE 

TRISD1                            00000001
TRISD2                            00000002
TRISD3                            00000003
TRISD4                            00000004
TRISD5                            00000005
TRISD6                            00000006
TRISD7                            00000007
TRISE                             00000089
TRISE0                            00000000
TRISE1                            00000001
TRISE2                            00000002
TRISE3                            00000003
TRMT                              00000001
TUN0                              00000000
TUN1                              00000001
TUN2                              00000002
TUN3                              00000003
TUN4                              00000004
TX8_9                             00000006
TX9                               00000006
TX9D                              00000000
TXD8                              00000000
TXEN                              00000005
TXIE                              00000004
TXIF                              00000004
TXREG                             00000019
TXSTA                             00000098
UA                                00000001
ULPWUE                            00000005
ULPWUIE                           00000002
ULPWUIF                           00000002
VCFG0                             00000004
VCFG1                             00000005
VR0                               00000000
VR1                               00000001
VR2                               00000002
VR3                               00000003
VRCON                             00000097
VREN                              00000007
VROE                              00000006
VRR                               00000005
VRSS                              00000004
W                                 00000000
WAIT_ADC1                         00000038
WAIT_ADC2                         00000055
WAIT_ADC3                         00000076
WAIT_ADC4                         00000097
WAIT_START                        0000002A
WCOL                              00000007
WDTCON                            00000105
WDTPS0                            00000001
WDTPS1                            00000002
WDTPS2                            00000003
MPASM  5.47                         TASK1.ASM   11-22-2025  15:19:50         PAGE 20


SYMBOL TABLE
  LABEL                             VALUE 

WDTPS3                            00000004
WPUB                              00000095
WPUB0                             00000000
WPUB1                             00000001
WPUB2                             00000002
WPUB3                             00000003
WPUB4                             00000004
WPUB5                             00000005
WPUB6                             00000006
WPUB7                             00000007
WR                                00000001
WREN                              00000002
WRERR                             00000003
WUE                               00000001
Z                                 00000002
_BOR21V                           00003EFF
_BOR40V                           00003FFF
_BOR4V_BOR21V                     00003EFF
_BOR4V_BOR40V                     00003FFF
_BOREN_NSLEEP                     00003EFF
_BOREN_OFF                        00003CFF
_BOREN_ON                         00003FFF
_BOREN_SBODEN                     00003DFF
_BOR_NSLEEP                       00003EFF
_BOR_OFF                          00003CFF
_BOR_ON                           00003FFF
_BOR_SBODEN                       00003DFF
_CONFIG1                          00002007
_CONFIG2                          00002008
_CPD_OFF                          00003FFF
_CPD_ON                           00003F7F
_CP_OFF                           00003FFF
_CP_ON                            00003FBF
_DEBUG_OFF                        00003FFF
_DEBUG_ON                         00001FFF
_DEVID1                           00002006
_EC_OSC                           00003FFB
_EXTRC                            00003FFF
_EXTRCIO                          00003FFE
_EXTRC_OSC_CLKOUT                 00003FFF
_EXTRC_OSC_NOCLKOUT               00003FFE
_FCMEN_OFF                        000037FF
_FCMEN_ON                         00003FFF
_FOSC_EC                          00003FFB
_FOSC_EXTRC_CLKOUT                00003FFF
_FOSC_EXTRC_NOCLKOUT              00003FFE
_FOSC_HS                          00003FFA
_FOSC_INTRC_CLKOUT                00003FFD
_FOSC_INTRC_NOCLKOUT              00003FFC
_FOSC_LP                          00003FF8
_FOSC_XT                          00003FF9
_HS_OSC                           00003FFA
_IDLOC0                           00002000
MPASM  5.47                         TASK1.ASM   11-22-2025  15:19:50         PAGE 21


SYMBOL TABLE
  LABEL                             VALUE 

_IDLOC1                           00002001
_IDLOC2                           00002002
_IDLOC3                           00002003
_IESO_OFF                         00003BFF
_IESO_ON                          00003FFF
_INTOSC                           00003FFD
_INTOSCIO                         00003FFC
_INTRC_OSC_CLKOUT                 00003FFD
_INTRC_OSC_NOCLKOUT               00003FFC
_LP_OSC                           00003FF8
_LVP_OFF                          00002FFF
_LVP_ON                           00003FFF
_MCLRE_OFF                        00003FDF
_MCLRE_ON                         00003FFF
_PWRTE_OFF                        00003FFF
_PWRTE_ON                         00003FEF
_WDTE_OFF                         00003FF7
_WDTE_ON                          00003FFF
_WDT_OFF                          00003FF7
_WDT_ON                           00003FFF
_WRT_1FOURTH                      00003BFF
_WRT_256                          00003DFF
_WRT_HALF                         000039FF
_WRT_OFF                          00003FFF
_XT_OSC                           00003FF9
__16F887                          00000001


MEMORY USAGE MAP ('X' = Used,  '-' = Unused)

0000 : XXXXXXXXXXXXXXXX XXXXXXXXXXXXXXXX XXXXXXXXXXXXXXXX XXXXXXXXXXXXXXXX
0040 : XXXXXXXXXXXXXXXX XXXXXXXXXXXXXXXX XXXXXXXXXXXXXXXX XXXXXXXXXXXXXXXX
0080 : XXXXXXXXXXXXXXXX XXXXXXXXXXXXXXXX XXXXXXXXXXXXXXXX XXXXXXXXXXXXXXXX
00C0 : XXXXXXXXXXXXXXXX XXXXXXXX-------- ---------------- ----------------
2000 : -------XX------- ---------------- ---------------- ----------------

All other memory blocks unused.

Program Memory Words Used:   216
Program Memory Words Free:  7976


Errors   :     0
Warnings :     1 reported,     0 suppressed
Messages :     6 reported,     0 suppressed

